Error: Invalid URL url
Error: Invalid URL url
No se encontró campo empresa, url http://www.reclamos.cl/acer/reclamo/2017/jun/acer_garant_a_del_note_de_yo_elijo_mi_pc_de_mi_hijo
No se encontró empresa, url http://www.reclamos.cl/acer/reclamo/2017/jun/acer_garant_a_del_note_de_yo_elijo_mi_pc_de_mi_hijo
No se encontró campo empresa, url http://www.reclamos.cl/acer/reclamo/2017/jun/acer_pantalla_con_tinta_derramada
No se encontró empresa, url http://www.reclamos.cl/acer/reclamo/2017/jun/acer_pantalla_con_tinta_derramada
No se encontró campo empresa, url http://www.reclamos.cl/acer/reclamo/2017/mar/acer
No se encontró empresa, url http://www.reclamos.cl/acer/reclamo/2017/mar/acer
No se encontró campo empresa, url http://www.reclamos.cl/acer/reclamo/2017/nov/acer_cambio_carcasa
No se encontró empresa, url http://www.reclamos.cl/acer/reclamo/2017/nov/acer_cambio_carcasa
No se encontró campo empresa, url http://www.reclamos.cl/acer/reclamo/2017/nov/acer_garantia
No se encontró empresa, url http://www.reclamos.cl/acer/reclamo/2017/nov/acer_garantia
No se encontró campo empresa, url http://www.reclamos.cl/adidas/reclamo/2017/dec/adidas_online_despacho_sin_producto_ni_posterior_devoluci_n
No se encontró empresa, url http://www.reclamos.cl/adidas/reclamo/2017/dec/adidas_online_despacho_sin_producto_ni_posterior_devoluci_n
No se encontró campo empresa, url http://www.reclamos.cl/adidas/reclamo/2017/dec/adidas_online_llega_talla_equivocada_devuelvo_producto_y_se_olvidan_de_mi
No se encontró empresa, url http://www.reclamos.cl/adidas/reclamo/2017/dec/adidas_online_llega_talla_equivocada_devuelvo_producto_y_se_olvidan_de_mi
No se encontró campo empresa, url http://www.reclamos.cl/adidas/reclamo/2017/dec/adidas_online_producto_llega_sin_la_boleta
No se encontró empresa, url http://www.reclamos.cl/adidas/reclamo/2017/dec/adidas_online_producto_llega_sin_la_boleta
No se encontró campo empresa, url http://www.reclamos.cl/adidas/reclamo/2017/dec/adidas_online_producto_no_entregado
No se encontró empresa, url http://www.reclamos.cl/adidas/reclamo/2017/dec/adidas_online_producto_no_entregado
No se encontró campo empresa, url http://www.reclamos.cl/adidas/reclamo/2017/dec/adidas_online_producto_no_entregado_0
No se encontró empresa, url http://www.reclamos.cl/adidas/reclamo/2017/dec/adidas_online_producto_no_entregado_0
No se encontró campo empresa, url http://www.reclamos.cl/adsense_bann/reclamo/2017/apr/supermercado_unimarc_vi_a_del_mar_7_norte_publicidad_enga_osa
No se encontró empresa, url http://www.reclamos.cl/adsense_bann/reclamo/2017/apr/supermercado_unimarc_vi_a_del_mar_7_norte_publicidad_enga_osa
No se encontró campo empresa, url http://www.reclamos.cl/adsense_bann/reclamo/2017/jul/metro_sa_vagones_sucio_por_dentro_y_fuera
No se encontró empresa, url http://www.reclamos.cl/adsense_bann/reclamo/2017/jul/metro_sa_vagones_sucio_por_dentro_y_fuera
No se encontró campo empresa, url http://www.reclamos.cl/adsense_bann/reclamo/2017/jul/supermercado_a_cuenta_robo_en_estacionamiento
No se encontró empresa, url http://www.reclamos.cl/adsense_bann/reclamo/2017/jul/supermercado_a_cuenta_robo_en_estacionamiento
No se encontró campo empresa, url http://www.reclamos.cl/adsense_bann/reclamo/2017/jun/supermercados_santa_isabel_local_040_chillan_presencia_de_mohos_en_tortas_quot
No se encontró empresa, url http://www.reclamos.cl/adsense_bann/reclamo/2017/jun/supermercados_santa_isabel_local_040_chillan_presencia_de_mohos_en_tortas_quot
